# OSU MPI Latency Test v7.3
# Size          Latency (us)
# Datatype: MPI_CHAR.
1                       0.40
2                       0.42
4                       0.37
8                       0.45
16                      0.56
32                      0.37
64                      0.37
128                     0.40
256                     0.41
512                     0.55
1024                    0.58
2048                    0.63
4096                    1.50
8192                    3.52
16384                   1.84
32768                   2.64
65536                   4.28
131072                  7.16
262144                 35.43
524288                 83.82
1048576                61.45
2097152               246.27
4194304               671.93
# OSU MPI Latency Test v7.3
# Size          Latency (us)
# Datatype: MPI_CHAR.
1                       0.39
2                       0.37
4                       0.38
8                       0.37
16                      0.39
32                      0.38
64                      0.40
128                     0.41
256                     0.45
512                     0.55
1024                    0.57
2048                    0.69
4096                    1.26
8192                    1.40
16384                   1.90
32768                   2.60
65536                   4.67
131072                  7.55
262144                 22.93
524288                 57.70
1048576                91.03
2097152               245.47
4194304               713.14
# OSU MPI Latency Test v7.3
# Size          Latency (us)
# Datatype: MPI_CHAR.
1                       0.38
2                       0.43
4                       0.40
8                       0.41
16                      0.40
32                      0.90
64                      0.39
128                     0.43
256                     0.52
512                     0.52
1024                    0.61
2048                    0.69
4096                    1.84
8192                    1.44
16384                   1.87
32768                   2.58
65536                   4.20
131072                  7.25
262144                 15.78
524288                 47.27
1048576               171.75
2097152               318.59
4194304               658.13
# OSU MPI Latency Test v7.3
# Size          Latency (us)
# Datatype: MPI_CHAR.
1                       0.39
2                       0.38
4                       0.39
8                       0.36
16                      0.51
32                      0.40
64                      0.39
128                     0.41
256                     0.45
512                     0.54
1024                    0.59
2048                    1.29
4096                    1.65
8192                    1.42
16384                   2.34
32768                   2.78
65536                   3.98
131072                  7.84
262144                 14.53
524288                 29.14
1048576                67.39
2097152               271.44
4194304               703.35
# OSU MPI Latency Test v7.3
# Size          Latency (us)
# Datatype: MPI_CHAR.
1                       0.45
2                       0.38
4                       0.39
8                       0.60
16                      0.38
32                      0.39
64                      0.39
128                     0.43
256                     0.48
512                     0.55
1024                    2.32
2048                    0.92
4096                    1.32
8192                    1.52
16384                   1.86
32768                   2.78
65536                   4.03
131072                  7.32
262144                 14.89
524288                 29.15
1048576                67.18
2097152               289.38
4194304               719.52
# OSU MPI Latency Test v7.3
# Size          Latency (us)
# Datatype: MPI_CHAR.
1                       0.52
2                       0.38
4                       0.37
8                       0.36
16                      0.37
32                      0.40
64                      0.41
128                     0.39
256                     0.41
512                     0.54
1024                    0.75
2048                    0.78
4096                    1.24
8192                    1.43
16384                   1.89
32768                   2.59
65536                   6.75
131072                 10.85
262144                 15.14
524288                 29.02
1048576                66.00
2097152               304.87
4194304               685.31
# OSU MPI Latency Test v7.3
# Size          Latency (us)
# Datatype: MPI_CHAR.
1                       0.36
2                       0.62
4                       0.36
8                       0.35
16                      0.36
32                      0.36
64                      0.37
128                     0.39
256                     0.42
512                     0.56
1024                    0.59
2048                    0.67
4096                    1.26
8192                    1.42
16384                   1.84
32768                   2.56
65536                   4.67
131072                 11.04
262144                 17.65
524288                 70.98
1048576                72.82
2097152               259.23
4194304               689.53
# OSU MPI Latency Test v7.3
# Size          Latency (us)
# Datatype: MPI_CHAR.
1                       0.39
2                       0.36
4                       0.36
8                       0.36
16                      0.37
32                      0.37
64                      0.36
128                     0.39
256                     0.41
512                     0.52
1024                    0.59
2048                    0.63
4096                    1.28
8192                    3.51
16384                   2.97
32768                  12.47
65536                   6.78
131072                 10.02
262144                 16.22
524288                 33.14
1048576                70.60
2097152               280.76
4194304               715.34
# OSU MPI Latency Test v7.3
# Size          Latency (us)
# Datatype: MPI_CHAR.
1                       2.03
2                       0.58
4                       0.36
8                       0.37
16                      0.44
32                      0.53
64                      0.38
128                     0.41
256                     0.50
512                     0.56
1024                    0.60
2048                    0.68
4096                    1.23
8192                    1.43
16384                   2.01
32768                   2.48
65536                   4.18
131072                  7.15
262144                 13.99
524288                 30.43
1048576                68.47
2097152               270.63
4194304               683.19
# OSU MPI Latency Test v7.3
# Size          Latency (us)
# Datatype: MPI_CHAR.
1                       0.39
2                       0.38
4                       0.39
8                       0.36
16                      0.38
32                      0.37
64                      0.41
128                     0.41
256                     0.42
512                     0.53
1024                    0.60
2048                    0.64
4096                    1.21
8192                    1.39
16384                   1.82
32768                   2.55
65536                   4.16
131072                 16.23
262144                 15.96
524288                 35.11
1048576               122.07
2097152               256.72
4194304               693.23
# OSU MPI Latency Test v7.3
# Size          Latency (us)
# Datatype: MPI_CHAR.
1                       0.36
2                       0.37
4                       0.39
8                       0.35
16                      0.37
32                      0.37
64                      0.38
128                     0.40
256                     0.43
512                     0.56
1024                    0.60
2048                    0.68
4096                    1.22
8192                    1.93
16384                   2.43
32768                   3.25
65536                   4.23
131072                  7.76
262144                 14.98
524288                 44.17
1048576                73.36
2097152               265.36
4194304               663.22
# OSU MPI Latency Test v7.3
# Size          Latency (us)
# Datatype: MPI_CHAR.
1                       0.70
2                       0.40
4                       0.36
8                       0.67
16                      0.40
32                      0.53
64                      0.42
128                     0.46
256                     0.42
512                     0.51
1024                    0.58
2048                    0.99
4096                    1.28
8192                    1.39
16384                   3.62
32768                   2.72
65536                   3.93
131072                  7.71
262144                 14.53
524288                 29.66
1048576                63.81
2097152               266.74
4194304               715.58
# OSU MPI Latency Test v7.3
# Size          Latency (us)
# Datatype: MPI_CHAR.
1                       0.39
2                       0.37
4                       0.36
8                       0.36
16                      0.37
32                      0.38
64                      0.40
128                     0.42
256                     0.42
512                     0.52
1024                    0.59
2048                    0.67
4096                    1.35
8192                    1.93
16384                   3.13
32768                   2.80
65536                   7.01
131072                  7.64
262144                 13.79
524288                 31.22
1048576               113.52
2097152               253.08
4194304               742.12
# OSU MPI Latency Test v7.3
# Size          Latency (us)
# Datatype: MPI_CHAR.
1                       0.40
2                       0.38
4                       0.36
8                       0.36
16                      0.44
32                      0.38
64                      0.40
128                     0.40
256                     0.44
512                     0.53
1024                    0.60
2048                    0.65
4096                    1.23
8192                    1.47
16384                   1.99
32768                   2.64
65536                   4.40
131072                  7.43
262144                 14.21
524288                 29.84
1048576                68.31
2097152               310.72
4194304               689.74
# OSU MPI Latency Test v7.3
# Size          Latency (us)
# Datatype: MPI_CHAR.
1                       0.41
2                       0.36
4                       0.38
8                       0.35
16                      0.37
32                      0.36
64                      0.36
128                     0.39
256                     0.42
512                     0.51
1024                    0.55
2048                    0.66
4096                    1.22
8192                    1.42
16384                   1.80
32768                   2.43
65536                   4.16
131072                  7.17
262144                 14.72
524288                 28.85
1048576                69.28
2097152               292.91
4194304               671.88
# OSU MPI Latency Test v7.3
# Size          Latency (us)
# Datatype: MPI_CHAR.
1                       0.40
2                       0.38
4                       0.37
8                       0.36
16                      0.43
32                      0.39
64                      0.41
128                     0.43
256                     0.62
512                     0.53
1024                    0.59
2048                    0.65
4096                    1.22
8192                    1.97
16384                   1.87
32768                   2.56
65536                   4.24
131072                  7.10
262144                 16.03
524288                 32.69
1048576               124.48
2097152               263.52
4194304               722.47
# OSU MPI Latency Test v7.3
# Size          Latency (us)
# Datatype: MPI_CHAR.
1                       0.37
2                       0.37
4                       0.51
8                       0.49
16                      0.50
32                      0.52
64                      0.39
128                     0.39
256                     0.42
512                     0.54
1024                    0.59
2048                    0.86
4096                    1.63
8192                    1.42
16384                   1.83
32768                   2.55
65536                   4.06
131072                  7.61
262144                 14.26
524288                 30.44
1048576                70.61
2097152               264.11
4194304               700.21
# OSU MPI Latency Test v7.3
# Size          Latency (us)
# Datatype: MPI_CHAR.
1                       0.43
2                       0.43
4                       0.39
8                       0.38
16                      0.40
32                      0.39
64                      0.39
128                     0.43
256                     0.45
512                     0.54
1024                    0.62
2048                    0.67
4096                    1.32
8192                    2.79
16384                   2.21
32768                   2.88
65536                   4.74
131072                 35.95
262144                 23.27
524288                 30.83
1048576                72.29
2097152               266.64
4194304               695.41
# OSU MPI Latency Test v7.3
# Size          Latency (us)
# Datatype: MPI_CHAR.
1                       0.54
2                       0.36
4                       0.36
8                       0.35
16                      0.47
32                      0.39
64                      0.37
128                     0.41
256                     0.44
512                     0.57
1024                    0.61
2048                    0.65
4096                    1.21
8192                    1.64
16384                   1.82
32768                   2.53
65536                   5.13
131072                  8.09
262144                 15.87
524288                 28.61
1048576                72.22
2097152               350.01
4194304               697.62
# OSU MPI Latency Test v7.3
# Size          Latency (us)
# Datatype: MPI_CHAR.
1                       1.33
2                       0.52
4                       1.09
8                       0.73
16                      0.65
32                      0.43
64                      0.39
128                     0.42
256                     0.46
512                     0.56
1024                    0.65
2048                    0.73
4096                    1.30
8192                    1.93
16384                   1.86
32768                   3.34
65536                   7.18
131072                  7.27
262144                 14.22
524288                 28.20
1048576                64.03
2097152               257.18
4194304               664.54
